[info]2020-03-16 09:10:02--本地获取access_token过期时间：
[info]2020-03-16 09:10:02--当前系统时间：1584349802
[info]2020-03-16 09:10:02--token过期，重新请求
[info]2020-03-16 09:10:03--向微信请求token，返回的结果是{"access_token":"31_6m0dQbnJCfkpAEYRjZCz3VY-mEaCxDLf70Cr_cMl6rmdfr6MKSvHZNXdFdCgN5JooxGeQxjy88mtM5xcGeMwlFptghDoijLu21caQOcTTwk4DA04OoefOEk7DDTp6Bp3AMhurNYk84KVRiBaYZMjAGADER","expires_in":7200}
[info]2020-03-16 09:10:03--当前系统时间：1584349803
[info]2020-03-16 09:10:03--保存后的时间：1584356803
[success]2020-03-16 09:10:03--accesstoken更新，本次token是31_6m0dQbnJCfkpAEYRjZCz3VY-mEaCxDLf70Cr_cMl6rmdfr6MKSvHZNXdFdCgN5JooxGeQxjy88mtM5xcGeMwlFptghDoijLu21caQOcTTwk4DA04OoefOEk7DDTp6Bp3AMhurNYk84KVRiBaYZMjAGADER
[info]2020-03-16 09:11:26--本地获取access_token过期时间：
[info]2020-03-16 09:11:26--当前系统时间：1584349886
[info]2020-03-16 09:11:26--token过期，重新请求
[info]2020-03-16 09:11:27--向微信请求token，返回的结果是{"access_token":"31_9_1-RF-i11r9r-axpfoJipXfYM3s8-0yIA_XKI_EE34KuVbV0BAG2WF5twYQFO3dvAYzGG8SaXFTMniN6oeBJBwxt7cw_P26SxZDgS9x0Px5SB-lHCV-hrPz7QDSC-QJ3stsJnIXp_h_ZZIUARXeAHAIZF","expires_in":7200}
[info]2020-03-16 09:11:27--当前系统时间：1584349887
[info]2020-03-16 09:11:27--保存后的时间：1584356887
[success]2020-03-16 09:11:27--accesstoken更新，本次token是31_9_1-RF-i11r9r-axpfoJipXfYM3s8-0yIA_XKI_EE34KuVbV0BAG2WF5twYQFO3dvAYzGG8SaXFTMniN6oeBJBwxt7cw_P26SxZDgS9x0Px5SB-lHCV-hrPz7QDSC-QJ3stsJnIXp_h_ZZIUARXeAHAIZF
[info]2020-03-16 09:11:32--本地获取access_token过期时间：
[info]2020-03-16 09:11:32--当前系统时间：1584349892
[info]2020-03-16 09:11:32--token过期，重新请求
[info]2020-03-16 09:11:32--向微信请求token，返回的结果是{"access_token":"31_9_1-RF-i11r9r-axpfoJipXfYM3s8-0yIA_XKI_EE34KuVbV0BAG2WF5twYQFO3dvAYzGG8SaXFTMniN6oeBJBwxt7cw_P26SxZDgS9x0Px5SB-lHCV-hrPz7QDSC-QJ3stsJnIXp_h_ZZIUEMOeAHAQYA","expires_in":7200}
[info]2020-03-16 09:11:32--当前系统时间：1584349892
[info]2020-03-16 09:11:32--保存后的时间：1584356892
[success]2020-03-16 09:11:32--accesstoken更新，本次token是31_9_1-RF-i11r9r-axpfoJipXfYM3s8-0yIA_XKI_EE34KuVbV0BAG2WF5twYQFO3dvAYzGG8SaXFTMniN6oeBJBwxt7cw_P26SxZDgS9x0Px5SB-lHCV-hrPz7QDSC-QJ3stsJnIXp_h_ZZIUEMOeAHAQYA
[info]2020-03-16 09:12:12--本地获取access_token过期时间：
[info]2020-03-16 09:12:12--当前系统时间：1584349932
[info]2020-03-16 09:12:12--token过期，重新请求
[info]2020-03-16 09:12:12--向微信请求token，返回的结果是{"access_token":"31_szGZtiNXdH_aj2cyye_hwpnRXy4DiDxvtDp6X-k3lDhEENNu0Ehz-49llFJ7dnLbzTXsegSpU9T3E5TgVG3UplEVbmoiVdwuor_FoZBcGMrS6ID6aaYhKNFYGwJh5OMt-6wxlNi9lg4AYMEsGDUcAHANKB","expires_in":7200}
[info]2020-03-16 09:12:12--当前系统时间：1584349932
[info]2020-03-16 09:12:12--保存后的时间：1584356932
[success]2020-03-16 09:12:12--accesstoken更新，本次token是31_szGZtiNXdH_aj2cyye_hwpnRXy4DiDxvtDp6X-k3lDhEENNu0Ehz-49llFJ7dnLbzTXsegSpU9T3E5TgVG3UplEVbmoiVdwuor_FoZBcGMrS6ID6aaYhKNFYGwJh5OMt-6wxlNi9lg4AYMEsGDUcAHANKB
[info]2020-03-16 09:12:37--本地获取access_token过期时间：
[info]2020-03-16 09:12:37--当前系统时间：1584349957
[info]2020-03-16 09:12:37--token过期，重新请求
[info]2020-03-16 09:12:37--向微信请求token，返回的结果是{"access_token":"31_gND4s6qLB0F0brdRDrqyKFH_XfIoh4mtQ1yHcaZ2bREZtcJyWyhkgI0U3f5dREB25_IGmU7MPGFYwhMxlS7LwCZdiZr2aCvjIZvtR87h4ucVkvDO2GGs6iX3BhABNbdbQ-N9TjsR5ryeGfApNOAcACADEQ","expires_in":7200}
[info]2020-03-16 09:12:37--当前系统时间：1584349957
[info]2020-03-16 09:12:37--保存后的时间：1584356957
[success]2020-03-16 09:12:37--accesstoken更新，本次token是31_gND4s6qLB0F0brdRDrqyKFH_XfIoh4mtQ1yHcaZ2bREZtcJyWyhkgI0U3f5dREB25_IGmU7MPGFYwhMxlS7LwCZdiZr2aCvjIZvtR87h4ucVkvDO2GGs6iX3BhABNbdbQ-N9TjsR5ryeGfApNOAcACADEQ
[info]2020-03-16 09:12:57--本地获取access_token过期时间：
[info]2020-03-16 09:12:57--当前系统时间：1584349977
[info]2020-03-16 09:12:57--token过期，重新请求
[info]2020-03-16 09:12:58--向微信请求token，返回的结果是{"access_token":"31_TJd3znuMXOIetz0P8iIeZcttmijmBb5CREyxzPY3brkj_cKlMNraLx0yi2nRMQvV2yV62NOqZJzIzU_xSgOa6q6fRxWclW6OYsxIcI4uSqt3EC-Pic8V0VpA9-oSYuesXuCUUhZSEVRWlGVlIEQbAHADZL","expires_in":7200}
[info]2020-03-16 09:12:58--当前系统时间：1584349978
[info]2020-03-16 09:12:58--保存后的时间：
[success]2020-03-16 09:12:58--accesstoken更新，本次token是31_TJd3znuMXOIetz0P8iIeZcttmijmBb5CREyxzPY3brkj_cKlMNraLx0yi2nRMQvV2yV62NOqZJzIzU_xSgOa6q6fRxWclW6OYsxIcI4uSqt3EC-Pic8V0VpA9-oSYuesXuCUUhZSEVRWlGVlIEQbAHADZL
[info]2020-03-16 09:14:56--本地获取access_token过期时间：
[info]2020-03-16 09:14:56--当前系统时间：1584350096
[info]2020-03-16 09:14:56--token过期，重新请求
[info]2020-03-16 09:14:57--向微信请求token，返回的结果是{"access_token":"31_SDlY53jzVk6lrCkYjZCz3VY-mEaCxDLf70Cr_clSvUhbGrrATXS5y_gkJLRCnW_ZWR9hG2Kwyv3TmalT1s2DLgyL2YY-UD6KdBzlDgNNc7wMHihX8hyF4k5hMLk1mitRq6Yn8JERNY4DCoqMHOIhAHAYFZ","expires_in":7200}
[info]2020-03-16 09:14:57--当前系统时间：1584350097
[info]2020-03-16 09:14:57--保存后的时间：
[success]2020-03-16 09:14:57--accesstoken更新，本次token是31_SDlY53jzVk6lrCkYjZCz3VY-mEaCxDLf70Cr_clSvUhbGrrATXS5y_gkJLRCnW_ZWR9hG2Kwyv3TmalT1s2DLgyL2YY-UD6KdBzlDgNNc7wMHihX8hyF4k5hMLk1mitRq6Yn8JERNY4DCoqMHOIhAHAYFZ
[info]2020-03-16 09:15:19--本地获取access_token过期时间：
[info]2020-03-16 09:15:19--当前系统时间：1584350119
[info]2020-03-16 09:15:19--token过期，重新请求
[info]2020-03-16 09:15:20--向微信请求token，返回的结果是{"access_token":"31_CjoVgmxlNXshxNcN0KKvtkV6phfOu87bAwmHxGnWc6nXXt74_kZpjy9OnaT9SYxcDrXtB1wcDaTBk66kN2Wd1qulWPvJkuP0JuxQgZ3aLEZxknzx5j2euh7ODV3G3ZGOMeVnNVTdiUlmcndHIHQhAIAUTC","expires_in":7200}
[info]2020-03-16 09:15:20--当前系统时间：1584350120
[info]2020-03-16 09:15:20--保存后的时间：
[success]2020-03-16 09:15:20--accesstoken更新，本次token是31_CjoVgmxlNXshxNcN0KKvtkV6phfOu87bAwmHxGnWc6nXXt74_kZpjy9OnaT9SYxcDrXtB1wcDaTBk66kN2Wd1qulWPvJkuP0JuxQgZ3aLEZxknzx5j2euh7ODV3G3ZGOMeVnNVTdiUlmcndHIHQhAIAUTC
[info]2020-03-16 09:15:40--本地获取access_token过期时间：
[info]2020-03-16 09:15:40--当前系统时间：1584350140
[info]2020-03-16 09:15:40--token过期，重新请求
[info]2020-03-16 09:15:40--向微信请求token，返回的结果是{"access_token":"31_1dpADOBINDiu1oXJPln1lKfCStahnAE1Fs4ts4pc9yVVcyIRYVDdzrGqlpgSaV9iR_I_y8GpdKgzspIX4p4ZmLHMDOKFmJp7n9_1z5tA7BeeSzPB7p2XTFLi9K_ay3GwkJHYeuGaM2YIfowFJDLdAFASMU","expires_in":7200}
[info]2020-03-16 09:15:40--当前系统时间：1584350140
[info]2020-03-16 09:15:40--保存后的时间：
[success]2020-03-16 09:15:40--accesstoken更新，本次token是31_1dpADOBINDiu1oXJPln1lKfCStahnAE1Fs4ts4pc9yVVcyIRYVDdzrGqlpgSaV9iR_I_y8GpdKgzspIX4p4ZmLHMDOKFmJp7n9_1z5tA7BeeSzPB7p2XTFLi9K_ay3GwkJHYeuGaM2YIfowFJDLdAFASMU
[info]2020-03-16 09:15:55--本地获取access_token过期时间：
[info]2020-03-16 09:15:55--当前系统时间：1584350155
[info]2020-03-16 09:15:55--token过期，重新请求
[info]2020-03-16 09:15:56--向微信请求token，返回的结果是{"access_token":"31_1dpADOBINDiu1oXJPln1lKfCStahnAE1Fs4ts4pc9yVVcyIRYVDdzrGqlpgSaV9iR_I_y8GpdKgzspIX4p4ZmLHMDOKFmJp7n9_1z5tA7BeeSzPB7p2XTFLi9K_ay3GwkJHYeuGaM2YIfowFVSTdAFADAB","expires_in":7200}
[info]2020-03-16 09:15:56--当前系统时间：1584350156
[info]2020-03-16 09:15:56--保存后的时间：
[success]2020-03-16 09:15:56--accesstoken更新，本次token是31_1dpADOBINDiu1oXJPln1lKfCStahnAE1Fs4ts4pc9yVVcyIRYVDdzrGqlpgSaV9iR_I_y8GpdKgzspIX4p4ZmLHMDOKFmJp7n9_1z5tA7BeeSzPB7p2XTFLi9K_ay3GwkJHYeuGaM2YIfowFVSTdAFADAB
[info]2020-03-16 09:15:56--本地获取access_token过期时间：
[info]2020-03-16 09:15:56--当前系统时间：1584350156
[info]2020-03-16 09:15:56--token过期，重新请求
[info]2020-03-16 09:15:57--向微信请求token，返回的结果是{"access_token":"31_1dpADOBINDiu1oXJPln1lKfCStahnAE1Fs4ts4pc9yVVcyIRYVDdzrGqlpgSaV9iR_I_y8GpdKgzspIX4p4ZmLHMDOKFmJp7n9_1z5tA7BeeSzPB7p2XTFLi9K_ay3GwkJHYeuGaM2YIfowFHSWdAFAYJN","expires_in":7200}
[info]2020-03-16 09:15:57--当前系统时间：1584350157
[info]2020-03-16 09:15:57--保存后的时间：
[success]2020-03-16 09:15:57--accesstoken更新，本次token是31_1dpADOBINDiu1oXJPln1lKfCStahnAE1Fs4ts4pc9yVVcyIRYVDdzrGqlpgSaV9iR_I_y8GpdKgzspIX4p4ZmLHMDOKFmJp7n9_1z5tA7BeeSzPB7p2XTFLi9K_ay3GwkJHYeuGaM2YIfowFHSWdAFAYJN
[info]2020-03-16 09:15:57--本地获取access_token过期时间：
[info]2020-03-16 09:15:57--当前系统时间：1584350157
[info]2020-03-16 09:15:57--token过期，重新请求
[info]2020-03-16 09:15:58--向微信请求token，返回的结果是{"access_token":"31_1dpADOBINDiu1oXJPln1lKfCStahnAE1Fs4ts4pc9yVVcyIRYVDdzrGqlpgSaV9iR_I_y8GpdKgzspIX4p4ZmLHMDOKFmJp7n9_1z5tA7BeeSzPB7p2XTFLi9K_ay3GwkJHYeuGaM2YIfowFAYPdAFAECT","expires_in":7200}
[info]2020-03-16 09:15:58--当前系统时间：1584350158
[info]2020-03-16 09:15:58--保存后的时间：
[success]2020-03-16 09:15:58--accesstoken更新，本次token是31_1dpADOBINDiu1oXJPln1lKfCStahnAE1Fs4ts4pc9yVVcyIRYVDdzrGqlpgSaV9iR_I_y8GpdKgzspIX4p4ZmLHMDOKFmJp7n9_1z5tA7BeeSzPB7p2XTFLi9K_ay3GwkJHYeuGaM2YIfowFAYPdAFAECT
[info]2020-03-16 09:16:04--本地获取access_token过期时间：
[info]2020-03-16 09:16:04--当前系统时间：1584350164
[info]2020-03-16 09:16:04--token过期，重新请求
[info]2020-03-16 09:16:04--向微信请求token，返回的结果是{"access_token":"31_QaUZFaXY8OMncRHbT606IM0Xu_PB8Xz1wsVyk2ne5_xrfPoddEh9OpkqZtlEdC66L16hs66S7TeGU7Bv4ssIcOZ56khyRtmmBiHqKHtTTi9UeKBIIphMt3OLrC79FdzvP4z2mflCXFqzmmszXXWdAJAEED","expires_in":7200}
[info]2020-03-16 09:16:04--当前系统时间：1584350164
[info]2020-03-16 09:16:04--保存后的时间：
[success]2020-03-16 09:16:04--accesstoken更新，本次token是31_QaUZFaXY8OMncRHbT606IM0Xu_PB8Xz1wsVyk2ne5_xrfPoddEh9OpkqZtlEdC66L16hs66S7TeGU7Bv4ssIcOZ56khyRtmmBiHqKHtTTi9UeKBIIphMt3OLrC79FdzvP4z2mflCXFqzmmszXXWdAJAEED
[info]2020-03-16 09:18:01--本地获取access_token过期时间：
[info]2020-03-16 09:18:01--当前系统时间：1584350281
[info]2020-03-16 09:18:01--token过期，重新请求
[info]2020-03-16 09:18:01--向微信请求token，返回的结果是{"access_token":"31_AXqBev_RN4ugqa55xCnYW7VGHvjbIWgz-j7UMGpsZVaI2VyVnwaWJUEC6E3yk9rxgdCRB3UeR3UO-ojH4jmFspsJKtL58D1TXQKmQV3sLzWMWmo8R9FwM3dDqm06R-eHD4CujmVAY6yqAC9xEAEaAIAQMQ","expires_in":7200}
[info]2020-03-16 09:18:15--本地获取access_token过期时间：
[info]2020-03-16 09:18:15--当前系统时间：1584350295
[info]2020-03-16 09:18:15--token过期，重新请求
[info]2020-03-16 09:18:15--向微信请求token，返回的结果是{"access_token":"31_AXqBev_RN4ugqa55xCnYW7VGHvjbIWgz-j7UMGpsZVaI2VyVnwaWJUEC6E3yk9rxgdCRB3UeR3UO-ojH4jmFspsJKtL58D1TXQKmQV3sLzWMWmo8R9FwM3dDqm06R-eHD4CujmVAY6yqAC9xZNFaAIALZR","expires_in":7200}
[info]2020-03-16 09:18:15--当前系统时间：1584350295
[info]2020-03-16 09:18:15--保存后的时间：
[success]2020-03-16 09:18:15--accesstoken更新，本次token是31_AXqBev_RN4ugqa55xCnYW7VGHvjbIWgz-j7UMGpsZVaI2VyVnwaWJUEC6E3yk9rxgdCRB3UeR3UO-ojH4jmFspsJKtL58D1TXQKmQV3sLzWMWmo8R9FwM3dDqm06R-eHD4CujmVAY6yqAC9xZNFaAIALZR
[info]2020-03-16 09:19:04--本地获取access_token过期时间：
[info]2020-03-16 09:19:04--当前系统时间：1584350344
[info]2020-03-16 09:19:04--token过期，重新请求
[info]2020-03-16 09:19:04--向微信请求token，返回的结果是{"access_token":"31_XcrsMeSiG0jdXVP2Pln1lKfCStahnAE1Fs4tsw7wD4TcQlaxzrFc5M2Q6QvZfU9AEGFJD_rdtDEroMg-wBwyabJWntGKB172C6UAQ-KGJDzSuNkjUUmnxAqMEUEYO_Ea1Cgd28adi5tDQu_NOVWjAIAELM","expires_in":7200}
[info]2020-03-16 09:19:04--当前系统时间：1584350344
[info]2020-03-16 09:19:04--保存后的时间：
[success]2020-03-16 09:19:04--accesstoken更新，本次token是31_XcrsMeSiG0jdXVP2Pln1lKfCStahnAE1Fs4tsw7wD4TcQlaxzrFc5M2Q6QvZfU9AEGFJD_rdtDEroMg-wBwyabJWntGKB172C6UAQ-KGJDzSuNkjUUmnxAqMEUEYO_Ea1Cgd28adi5tDQu_NOVWjAIAELM
[info]2020-03-16 09:19:22--本地获取access_token过期时间：
[info]2020-03-16 09:19:22--当前系统时间：1584350362
[info]2020-03-16 09:19:22--token过期，重新请求
[info]2020-03-16 09:19:22--向微信请求token，返回的结果是{"access_token":"31_XcrsMeSiG0jdXVP2Pln1lKfCStahnAE1Fs4tsw7wD4TcQlaxzrFc5M2Q6QvZfU9AEGFJD_rdtDEroMg-wBwyabJWntGKB172C6UAQ-KGJDzSuNkjUUmnxAqMEUEYO_Ea1Cgd28adi5tDQu_NBFLjAIAXBH","expires_in":7200}
[info]2020-03-16 09:19:22--当前系统时间：1584350362
[info]2020-03-16 09:19:22--保存后的时间：
[success]2020-03-16 09:19:22--accesstoken更新，本次token是31_XcrsMeSiG0jdXVP2Pln1lKfCStahnAE1Fs4tsw7wD4TcQlaxzrFc5M2Q6QvZfU9AEGFJD_rdtDEroMg-wBwyabJWntGKB172C6UAQ-KGJDzSuNkjUUmnxAqMEUEYO_Ea1Cgd28adi5tDQu_NBFLjAIAXBH
[info]2020-03-16 09:19:24--本地获取access_token过期时间：
[info]2020-03-16 09:19:24--当前系统时间：1584350364
[info]2020-03-16 09:19:24--token过期，重新请求
[info]2020-03-16 09:19:24--向微信请求token，返回的结果是{"access_token":"31_-svfvRrkzw3v1iQGXeAgClMzKVVRb_ybf0n6tLkYxL8rayqpyfRWCksve3kcLNjpcX_gSspTdBVcrYdvVm8uEmd99XkqGp0o-sDR9tF_1f3TFpUI7kTXLe32GCQyTuZumk-KGbGw9WRUYJcyGWCcAAAUKQ","expires_in":7200}
[info]2020-03-16 09:19:24--当前系统时间：1584350364
[info]2020-03-16 09:19:24--保存后的时间：
[success]2020-03-16 09:19:24--accesstoken更新，本次token是31_-svfvRrkzw3v1iQGXeAgClMzKVVRb_ybf0n6tLkYxL8rayqpyfRWCksve3kcLNjpcX_gSspTdBVcrYdvVm8uEmd99XkqGp0o-sDR9tF_1f3TFpUI7kTXLe32GCQyTuZumk-KGbGw9WRUYJcyGWCcAAAUKQ
[info]2020-03-16 09:25:36--本地获取access_token过期时间：
[info]2020-03-16 09:25:36--当前系统时间：1584350736
[info]2020-03-16 09:25:36--token过期，重新请求
[info]2020-03-16 09:25:36--向微信请求token，返回的结果是{"access_token":"31_MwxXDSihSPbimmND_NKXEZlrEZeB49kqrc5yxtUnofgdVcTHMKcyqtEW9zH22dGRSSjh2iwGi6TvETASGUJfjBC4NOryDU_AHNntdWM5ru1uuLjIH_ZMKt73LMW-YtU5ioks6hPpAYDMWXBmYEMfADAUAI","expires_in":7200}
[info]2020-03-16 09:25:36--当前系统时间：1584350736
[info]2020-03-16 09:25:36--保存后的时间：
[success]2020-03-16 09:25:36--accesstoken更新，本次token是31_MwxXDSihSPbimmND_NKXEZlrEZeB49kqrc5yxtUnofgdVcTHMKcyqtEW9zH22dGRSSjh2iwGi6TvETASGUJfjBC4NOryDU_AHNntdWM5ru1uuLjIH_ZMKt73LMW-YtU5ioks6hPpAYDMWXBmYEMfADAUAI
[info]2020-03-16 09:25:47--本地获取access_token过期时间：
[info]2020-03-16 09:25:47--当前系统时间：1584350747
[info]2020-03-16 09:25:47--token过期，重新请求
[info]2020-03-16 09:25:49--本地获取access_token过期时间：
[info]2020-03-16 09:25:49--当前系统时间：1584350749
[info]2020-03-16 09:25:49--token过期，重新请求
[info]2020-03-16 09:25:50--向微信请求token，返回的结果是{"access_token":"31_MwxXDSihSPbimmND_NKXEZlrEZeB49kqrc5yxtUnofgdVcTHMKcyqtEW9zH22dGRSSjh2iwGi6TvETASGUJfjBC4NOryDU_AHNntdWM5ru1uuLjIH_ZMKt73LMW-YtU5ioks6hPpAYDMWXBmZRCfADAOGR","expires_in":7200}
[info]2020-03-16 09:25:50--当前系统时间：1584350750
[info]2020-03-16 09:25:50--保存后的时间：
[success]2020-03-16 09:25:50--accesstoken更新，本次token是31_MwxXDSihSPbimmND_NKXEZlrEZeB49kqrc5yxtUnofgdVcTHMKcyqtEW9zH22dGRSSjh2iwGi6TvETASGUJfjBC4NOryDU_AHNntdWM5ru1uuLjIH_ZMKt73LMW-YtU5ioks6hPpAYDMWXBmZRCfADAOGR
[info]2020-03-16 09:25:50--向微信请求token，返回的结果是{"access_token":"31_MwxXDSihSPbimmND_NKXEZlrEZeB49kqrc5yxtUnofgdVcTHMKcyqtEW9zH22dGRSSjh2iwGi6TvETASGUJfjBC4NOryDU_AHNntdWM5ru1uuLjIH_ZMKt73LMW-YtU5ioks6hPpAYDMWXBmGEHfADACAD","expires_in":7200}
[info]2020-03-16 09:25:50--当前系统时间：1584350750
[info]2020-03-16 09:25:50--保存后的时间：
[success]2020-03-16 09:25:50--accesstoken更新，本次token是31_MwxXDSihSPbimmND_NKXEZlrEZeB49kqrc5yxtUnofgdVcTHMKcyqtEW9zH22dGRSSjh2iwGi6TvETASGUJfjBC4NOryDU_AHNntdWM5ru1uuLjIH_ZMKt73LMW-YtU5ioks6hPpAYDMWXBmGEHfADACAD
[info]2020-03-16 09:25:53--本地获取access_token过期时间：
[info]2020-03-16 09:25:53--当前系统时间：1584350753
[info]2020-03-16 09:25:53--token过期，重新请求
[info]2020-03-16 09:25:53--向微信请求token，返回的结果是{"access_token":"31_MwxXDSihSPbimmND_NKXEZlrEZeB49kqrc5yxtUnofgdVcTHMKcyqtEW9zH22dGRSSjh2iwGi6TvETASGUJfjBC4NOryDU_AHNntdWM5ru1uuLjIH_ZMKt73LMW-YtU5ioks6hPpAYDMWXBmXUOfADANKE","expires_in":7200}
[info]2020-03-16 09:25:53--当前系统时间：1584350753
[info]2020-03-16 09:25:53--保存后的时间：
[success]2020-03-16 09:25:53--accesstoken更新，本次token是31_MwxXDSihSPbimmND_NKXEZlrEZeB49kqrc5yxtUnofgdVcTHMKcyqtEW9zH22dGRSSjh2iwGi6TvETASGUJfjBC4NOryDU_AHNntdWM5ru1uuLjIH_ZMKt73LMW-YtU5ioks6hPpAYDMWXBmXUOfADANKE
[info]2020-03-16 09:26:22--本地获取access_token过期时间：
[info]2020-03-16 09:26:22--当前系统时间：1584350782
[info]2020-03-16 09:26:22--token过期，重新请求
[info]2020-03-16 09:26:23--向微信请求token，返回的结果是{"access_token":"31_BdvFfaOEnE-VGXhepfoJipXfYM3s8-0yIA_XKF2GzVDXg-40aKVSsoAZ1WkbkRSTNShmFNI1MXeQo3fV6Ra-htZ1oESYgsjNs770P3XITcpTEl7PCMSYHkVpvcgrmjqe2Pf1XMQvQpyqHYLyHUQaADANAW","expires_in":7200}
[info]2020-03-16 09:26:23--当前系统时间：1584350783
[info]2020-03-16 09:26:23--保存后的时间：
[success]2020-03-16 09:26:23--accesstoken更新，本次token是31_BdvFfaOEnE-VGXhepfoJipXfYM3s8-0yIA_XKF2GzVDXg-40aKVSsoAZ1WkbkRSTNShmFNI1MXeQo3fV6Ra-htZ1oESYgsjNs770P3XITcpTEl7PCMSYHkVpvcgrmjqe2Pf1XMQvQpyqHYLyHUQaADANAW
[info]2020-03-16 09:28:01--本地获取access_token过期时间：
[info]2020-03-16 09:28:01--当前系统时间：1584350881
[info]2020-03-16 09:28:01--token过期，重新请求
[info]2020-03-16 09:28:01--向微信请求token，返回的结果是{"access_token":"31_wApx0N6VyjkN7ijsrApCrNb6oUci47HKeDuzial_MxBygxm1_2rd6WXcSguA_smkrkzdFnjD9fnQ9o3TV5CoiWtCYIjn9pPJjkXzRkeEL64W-5RfkzD0zok3KZEDjzHu9f7nJSx38_XqVBFfFPHbABABLD","expires_in":7200}
[info]2020-03-16 09:28:01--当前系统时间：1584350881
[success]2020-03-16 09:28:01--accesstoken更新，本次token是31_wApx0N6VyjkN7ijsrApCrNb6oUci47HKeDuzial_MxBygxm1_2rd6WXcSguA_smkrkzdFnjD9fnQ9o3TV5CoiWtCYIjn9pPJjkXzRkeEL64W-5RfkzD0zok3KZEDjzHu9f7nJSx38_XqVBFfFPHbABABLD
[info]2020-03-16 09:28:21--本地获取access_token过期时间：
[info]2020-03-16 09:28:21--当前系统时间：1584350901
[info]2020-03-16 09:28:21--token过期，重新请求
[info]2020-03-16 09:28:21--向微信请求token，返回的结果是{"access_token":"31_vXTVEkQOKrEswJKmnLxtsUxWXcCFuo0sryX2_pLbHGdWlCs-FO-gI-o61fsgv7JlY9XAbqBDZnXnTR7wzYggtmK4EJB9cfQxfYwCMocUlpUFNGlwDL9HRIAV_Fbpm8IK4cTNI17OXmxZ7P7zULYgAGAGXK","expires_in":7200}
[info]2020-03-16 09:28:21--当前系统时间：1584350901
[success]2020-03-16 09:28:21--accesstoken更新，本次token是31_vXTVEkQOKrEswJKmnLxtsUxWXcCFuo0sryX2_pLbHGdWlCs-FO-gI-o61fsgv7JlY9XAbqBDZnXnTR7wzYggtmK4EJB9cfQxfYwCMocUlpUFNGlwDL9HRIAV_Fbpm8IK4cTNI17OXmxZ7P7zULYgAGAGXK
[info]2020-03-16 09:28:44--本地获取access_token过期时间：
[info]2020-03-16 09:28:44--当前系统时间：1584350924
[info]2020-03-16 09:28:44--token过期，重新请求
[info]2020-03-16 09:28:44--向微信请求token，返回的结果是{"access_token":"31_6mcHqBZrDxFyuwryYv3d2dyR3GfJmU5lC1uXV_0ePZxczEHoCuQlXgP-m0e6HdS-gYEbUecIfYIFDDu3AKjvEqQWTq4fo37BOOWuryZgpkMEVy72RWURwWJoh8Sp-Nv4DFyeoFFbJOwfw1gVKDCaAHAUNM","expires_in":7200}
[info]2020-03-16 09:28:44--当前系统时间：1584350924
[success]2020-03-16 09:28:44--accesstoken更新，本次token是31_6mcHqBZrDxFyuwryYv3d2dyR3GfJmU5lC1uXV_0ePZxczEHoCuQlXgP-m0e6HdS-gYEbUecIfYIFDDu3AKjvEqQWTq4fo37BOOWuryZgpkMEVy72RWURwWJoh8Sp-Nv4DFyeoFFbJOwfw1gVKDCaAHAUNM
[info]2020-03-16 09:29:17--本地获取access_token过期时间：
[info]2020-03-16 09:29:17--当前系统时间：1584350957
[info]2020-03-16 09:29:17--token过期，重新请求
[info]2020-03-16 09:29:18--向微信请求token，返回的结果是{"access_token":"31_mxBd1mf4QhkFYLMldsYWbMLTVHqoeoNSzj1DE1JED_2yrjwMWaOgzXydUIrYjAHvJ93SPMghj7XKUrbikIun30t5KMRrZKUR0uuY5XMTVzYAaCYAI3rlWG-xLNCvzvK07YCIdg6qDAXqyBi6LSIiAGAQXN","expires_in":7200}
[info]2020-03-16 09:29:18--当前系统时间：1584350958
[success]2020-03-16 09:29:18--accesstoken更新，本次token是31_mxBd1mf4QhkFYLMldsYWbMLTVHqoeoNSzj1DE1JED_2yrjwMWaOgzXydUIrYjAHvJ93SPMghj7XKUrbikIun30t5KMRrZKUR0uuY5XMTVzYAaCYAI3rlWG-xLNCvzvK07YCIdg6qDAXqyBi6LSIiAGAQXN
[info]2020-03-16 09:29:21--本地获取access_token过期时间：1584357958
[info]2020-03-16 09:29:21--当前系统时间：1584350961
[info]2020-03-16 09:29:21--token没有过期，直接返回
[info]2020-03-16 09:29:21--过期时间：1584357958
[info]2020-03-16 09:29:21--当前时间：1584350961
[info]2020-03-16 09:29:37--本地获取access_token过期时间：1584357958
[info]2020-03-16 09:29:37--当前系统时间：1584350977
[info]2020-03-16 09:29:37--token没有过期，直接返回
[info]2020-03-16 09:29:37--过期时间：1584357958
[info]2020-03-16 09:29:37--当前时间：1584350977
[info]2020-03-16 09:30:36--本地获取access_token过期时间：1584357958
[info]2020-03-16 09:30:36--当前系统时间：1584351036
[info]2020-03-16 09:30:36--token没有过期，直接返回
[info]2020-03-16 09:30:36--过期时间：1584357958
[info]2020-03-16 09:30:36--当前时间：1584351036
[info]2020-03-16 09:30:38--本地获取access_token过期时间：1584357958
[info]2020-03-16 09:30:38--当前系统时间：1584351038
[info]2020-03-16 09:30:38--token没有过期，直接返回
[info]2020-03-16 09:30:38--过期时间：1584357958
[info]2020-03-16 09:30:38--当前时间：1584351038
[info]2020-03-16 09:30:39--本地获取access_token过期时间：1584357958
[info]2020-03-16 09:30:39--当前系统时间：1584351039
[info]2020-03-16 09:30:39--token没有过期，直接返回
[info]2020-03-16 09:30:39--过期时间：1584357958
[info]2020-03-16 09:30:39--当前时间：1584351039
